<?xml version="1.0" encoding="UTF-8"?>
<testng-results ignored="0" total="1" passed="1" failed="0" skipped="0">
  <reporter-output>
  </reporter-output>
  <suite started-at="2022-11-12T18:56:39 IST" name="Default suite" finished-at="2022-11-12T18:56:44 IST" duration-ms="5213">
    <groups>
    </groups>
    <test started-at="2022-11-12T18:56:39 IST" name="Default test" finished-at="2022-11-12T18:56:44 IST" duration-ms="5213">
      <class name="JenkinsDemo.SampleTest">
        <test-method signature="Test()[pri:0, instance:JenkinsDemo.SampleTest@3bf9ce3e]" started-at="2022-11-12T18:56:39 IST" name="Test" finished-at="2022-11-12T18:56:44 IST" duration-ms="5172" status="PASS">
          <reporter-output>
          </reporter-output>
        </test-method> <!-- Test -->
      </class> <!-- JenkinsDemo.SampleTest -->
    </test> <!-- Default test -->
  </suite> <!-- Default suite -->
</testng-results>
